  Scanning sources for module dependencies...
  main.cpp
C:\Users\rubco\source\repos\Chess++\Chess\main.cpp(46,57): warning C4244: 'argument': conversion from 'int' to 'T', possible loss of data
          with
          [
              T=float
          ]
C:\Users\rubco\source\repos\Chess++\Chess\main.cpp(46,41): warning C4244: 'argument': conversion from 'int' to 'T', possible loss of data
          with
          [
              T=float
          ]
C:\Users\rubco\source\repos\Chess++\Chess\main.cpp(79,99): warning C4244: 'argument': conversion from 'int' to 'T', possible loss of data
          with
          [
              T=float
          ]
C:\Users\rubco\source\repos\Chess++\Chess\main.cpp(79,81): warning C4244: 'argument': conversion from 'int' to 'T', possible loss of data
          with
          [
              T=float
          ]
C:\Users\rubco\source\repos\Chess++\Chess\main.cpp(80,132): warning C4244: 'argument': conversion from 'T' to 'int', possible loss of data
          with
          [
              T=float
          ]
C:\Users\rubco\source\repos\Chess++\Chess\main.cpp(80,82): warning C4244: 'argument': conversion from 'T' to 'int', possible loss of data
          with
          [
              T=float
          ]
  Chess.vcxproj -> C:\Users\rubco\source\repos\Chess++\x64\Debug\GUI.exe
