  Scanning sources for module dependencies...
  BoardRenderer.cpp
C:\Users\rubco\source\repos\Chess++\Chess\nanosvg.h(1243,24): warning C4244: '=': conversion from 'double' to 'float', possible loss of data
C:\Users\rubco\source\repos\Chess++\Chess\nanosvg.h(1265,20): warning C4244: '=': conversion from 'float' to 'unsigned int', possible loss of data
C:\Users\rubco\source\repos\Chess++\Chess\nanosvg.h(1266,20): warning C4244: '=': conversion from 'float' to 'unsigned int', possible loss of data
C:\Users\rubco\source\repos\Chess++\Chess\nanosvg.h(1267,20): warning C4244: '=': conversion from 'float' to 'unsigned int', possible loss of data
C:\Users\rubco\source\repos\Chess++\Chess\nanosvg.h(1465,12): warning C4244: 'initializing': conversion from 'double' to 'float', possible loss of data
C:\Users\rubco\source\repos\Chess++\Chess\nanosvg.h(1473,12): warning C4244: 'initializing': conversion from 'double' to 'float', possible loss of data
C:\Users\rubco\source\repos\Chess++\Chess\nanosvg.h(1515,26): warning C4244: '=': conversion from 'double' to 'float', possible loss of data
C:\Users\rubco\source\repos\Chess++\Chess\nanosvg.h(2585,29): warning C4244: '=': conversion from 'double' to 'float', possible loss of data
C:\Users\rubco\source\repos\Chess++\Chess\nanosvg.h(2589,29): warning C4244: '=': conversion from 'double' to 'float', possible loss of data
C:\Users\rubco\source\repos\Chess++\Chess\nanosvg.h(2593,30): warning C4244: '=': conversion from 'double' to 'float', possible loss of data
C:\Users\rubco\source\repos\Chess++\Chess\nanosvg.h(2597,31): warning C4244: '=': conversion from 'double' to 'float', possible loss of data
C:\Users\rubco\source\repos\Chess++\Chess\BoardRenderer.cpp(252,95): warning C4244: 'argument': conversion from 'int' to 'T', possible loss of data
          with
          [
              T=float
          ]
C:\Users\rubco\source\repos\Chess++\Chess\BoardRenderer.cpp(252,72): warning C4244: 'argument': conversion from 'int' to 'T', possible loss of data
          with
          [
              T=float
          ]
C:\Users\rubco\source\repos\Chess++\Chess\BoardRenderer.cpp(253,95): warning C4244: 'argument': conversion from 'int' to 'T', possible loss of data
          with
          [
              T=float
          ]
C:\Users\rubco\source\repos\Chess++\Chess\BoardRenderer.cpp(253,72): warning C4244: 'argument': conversion from 'int' to 'T', possible loss of data
          with
          [
              T=float
          ]
C:\Users\rubco\source\repos\Chess++\Chess\BoardRenderer.cpp(254,95): warning C4244: 'argument': conversion from 'int' to 'T', possible loss of data
          with
          [
              T=float
          ]
C:\Users\rubco\source\repos\Chess++\Chess\BoardRenderer.cpp(254,72): warning C4244: 'argument': conversion from 'int' to 'T', possible loss of data
          with
          [
              T=float
          ]
C:\Users\rubco\source\repos\Chess++\Chess\BoardRenderer.cpp(255,95): warning C4244: 'argument': conversion from 'int' to 'T', possible loss of data
          with
          [
              T=float
          ]
C:\Users\rubco\source\repos\Chess++\Chess\BoardRenderer.cpp(255,72): warning C4244: 'argument': conversion from 'int' to 'T', possible loss of data
          with
          [
              T=float
          ]
C:\Users\rubco\source\repos\Chess++\Chess\BoardRenderer.cpp(282,94): warning C4244: 'argument': conversion from 'int' to 'T', possible loss of data
          with
          [
              T=float
          ]
C:\Users\rubco\source\repos\Chess++\Chess\BoardRenderer.cpp(282,71): warning C4244: 'argument': conversion from 'int' to 'T', possible loss of data
          with
          [
              T=float
          ]
  Generating code
  29 of 1850 functions ( 1.6%) were compiled, the rest were copied from previous compilation.
    0 functions were new in current compilation
    0 functions had inline decision re-evaluated but remain unchanged
  Finished generating code
  Chess.vcxproj -> C:\Users\rubco\source\repos\Chess++\x64\Release\GUI.exe
